[INFO] ==== СИСТЕМА ЗАПУЩЕНА ====
[INFO] Версия приложения: 2.1.4
[INFO] Операционная система: Windows 10 Pro
[INFO] Процессор: Intel Core i7-10750H
[INFO] Оперативная память: 16384 MB
[DEBUG] Загрузка конфигурационного файла: config.json
[DEBUG] Парсинг настроек подключения к БД
[INFO] Конфигурация успешно загружена
[INFO] Инициализация модулей...
[INFO] Модуль аутентификации загружен
[INFO] Модуль базы данных загружен
[INFO] Модуль кэширования загружен
[DEBUG] Проверка лицензии...
[INFO] Лицензия действительна до 2025-12-31
[WARNING] Лицензия истекает через 30 дней
[INFO] Установка соединения с базой данных...
[INFO] Подключение к PostgreSQL на localhost:5432
[DEBUG] Попытка подключения #1
[ERROR] Не удалось подключиться к базе данных: timeout после 5000ms
[WARNING] Переподключение через 2 секунды...
[INFO] Повторная попытка подключения #2
[INFO] Соединение с БД установлено успешно
[DEBUG] Пул соединений создан: 10 активных соединений
[INFO] Загрузка пользовательских данных...
Всем привет!

[ERROR] Ошибка при загрузке профиля пользователя: таблица 'users' не найдена
[WARNING] Используется резервная таблица 'user_profiles'
[INFO] Данные пользователя загружены: 1542 записи
[DEBUG] Индексация данных завершена за 125ms
[INFO] Веб-сервер запущен на порту 8080
[INFO] Обработчик запросов инициализирован
[DEBUG] SSL сертификат загружен: cert.pem
[INFO] Сервер готов к приему запросов
[INFO] Получен запрос GET /api/users
[INFO] Обработка запроса: /api/users
[DEBUG] SQL запрос: SELECT * FROM users WHERE active=true
[INFO] Возвращено 342 пользователя
[INFO] Получен запрос POST /api/login
[WARNING] Неудачная попытка входа: user 'admin' с IP 192.168.1.45
[WARNING] Неудачная попытка входа: user 'root' с IP 10.0.0.67
[ERROR] Превышен лимит попыток входа для IP 192.168.1.45
[INFO] Заблокирован IP 192.168.1.45 на 15 минут
[INFO] Получен запрос GET /api/products
[ERROR] Ошибка базы данных: duplicate key value violates unique constraint
[ERROR] Подробности: Key (id)=(1001) already exists
[WARNING] Транзакция откачена
[INFO] Выполнен повтор запроса через 1 секунду
[INFO] Запрос выполнен успешно: 89 продуктов
[DEBUG] Время выполнения запроса: 234ms
[INFO] Получен запрос DELETE /api/session/12345
[INFO] Сессия пользователя завершена
[WARNING] Высокая нагрузка на CPU: 87%
[WARNING] Использование памяти: 76% (12456 MB)
[DEBUG] Запуск сборщика мусора...
[INFO] Освобождено 234 MB памяти
[INFO] Получен запрос GET /api/statistics
[DEBUG] Вычисление агрегированных данных...
[INFO] Статистика сформирована за 567ms
[ERROR] Сетевая ошибка: connection reset by peer
[WARNING] Клиент 10.0.0.89 разорвал соединение
[INFO] Закрыто соединение #1234
[INFO] Получен запрос PUT /api/settings
[DEBUG] Проверка прав доступа...
[INFO] Пользователь 'john_doe' изменяет настройки
[INFO] Настройки сохранены в БД
[DEBUG] Инвалидация кэша настроек...
[INFO] Кэш обновлен
[ERROR] Критическая ошибка: необработанное исключение в потоке #23
[ERROR] Стек вызовов: processRequest() -> handleData() -> parseJSON()
[INFO] Аварийное завершение потока, данные сохранены
[WARNING] Обнаружено утечка памяти: +5 MB не освобождено
[INFO] Запуск фоновой задачи: резервное копирование
[INFO] Создание дампа базы данных...
Я надеюсь, я молодец!
[INFO] Резервная копия создана: backup_20251220.sql (245 MB)
[INFO] Резервное копирование завершено за 45 секунд
[DEBUG] Расписание следующего бэкапа: через 24 часа
[INFO] Получен запрос GET /api/search?q=error
[DEBUG] Поиск по индексу...
[INFO] Найдено 523 результата
[WARNING] Результатов слишком много, показаны первые 100
[INFO] Получен запрос POST /api/upload
[INFO] Загрузка файла: report.pdf (2.3 MB)
[ERROR] Ошибка записи файла: недостаточно места на диске
[WARNING] Свободно всего 45 MB, требуется 50 MB
[INFO] Запрос отклонен из-за нехватки места
[INFO] Получен запрос GET /api/health
[INFO] Статус сервера: OK
[DEBUG] Пинг БД: 5ms
[DEBUG] Пинг кэша: 2ms
[INFO] Время ответа: 12ms
[WARNING] Медленный запрос: /api/reports/large (время выполнения: 5123ms)
[WARNING] Рекомендуется оптимизировать SQL запрос
[INFO] Начало планового обслуживания
[INFO] Остановка сервера...
[INFO] Закрытие всех соединений с БД
[INFO] Ожидание завершения активных запросов...
[INFO] Запросов в процессе: 3
[INFO] Принудительное завершение через 30 секунд
[INFO] Все соединения закрыты
[INFO] Сервер остановлен
Неизвестный пользователь NULL
[DEBUG] Выгрузка модулей...
[INFO] Модуль аутентификации выгружен
[INFO] Модуль базы данных выгружен
[INFO] Модуль кэширования выгружен
[INFO] ==== СИСТЕМА ОСТАНОВЛЕНА ====
[INFO] Время работы: 23 часа 45 минут 12 секунд
[INFO] Обработано запросов: 15234
[ERROR] Ошибок: 127
[WARNING] Предупреждений: 345
[DEBUG] Отладочных сообщений: 2341
[INFO] Завершение работы программы